Copyright 1986-2022 Xilinx, Inc. All Rights Reserved. Copyright 2022-2023 Advanced Micro Devices, Inc. All Rights Reserved.
------------------------------------------------------------------------------------------------------------------------------------------------------------------------------------------------------------------------------------
| Tool Version : Vivado v.2023.1 (win64) Build 3865809 Sun May  7 15:05:29 MDT 2023
| Date         : Mon Dec  2 13:18:47 2024
| Host         : GIOVANNA running 64-bit major release  (build 9200)
| Command      : report_timing_summary -max_paths 10 -report_unconstrained -file ROM_M_MACHINE_timing_summary_routed.rpt -pb ROM_M_MACHINE_timing_summary_routed.pb -rpx ROM_M_MACHINE_timing_summary_routed.rpx -warn_on_violation
| Design       : ROM_M_MACHINE
| Device       : 7a100t-csg324
| Speed File   : -1  PRODUCTION 1.23 2018-06-13
| Design State : Routed
------------------------------------------------------------------------------------------------------------------------------------------------------------------------------------------------------------------------------------

Timing Summary Report

------------------------------------------------------------------------------------------------
| Timer Settings
| --------------
------------------------------------------------------------------------------------------------

  Enable Multi Corner Analysis               :  Yes
  Enable Pessimism Removal                   :  Yes
  Pessimism Removal Resolution               :  Nearest Common Node
  Enable Input Delay Default Clock           :  No
  Enable Preset / Clear Arcs                 :  No
  Disable Flight Delays                      :  No
  Ignore I/O Paths                           :  No
  Timing Early Launch at Borrowing Latches   :  No
  Borrow Time for Max Delay Exceptions       :  Yes
  Merge Timing Exceptions                    :  Yes

  Corner  Analyze    Analyze    
  Name    Max Paths  Min Paths  
  ------  ---------  ---------  
  Slow    Yes        Yes        
  Fast    Yes        Yes        


------------------------------------------------------------------------------------------------
| Report Methodology
| ------------------
------------------------------------------------------------------------------------------------

No report available as report_methodology has not been run prior. Run report_methodology on the current design for the summary of methodology violations.



check_timing report

Table of Contents
-----------------
1. checking no_clock (0)
2. checking constant_clock (0)
3. checking pulse_width_clock (0)
4. checking unconstrained_internal_endpoints (0)
5. checking no_input_delay (0)
6. checking no_output_delay (0)
7. checking multiple_clock (0)
8. checking generated_clocks (0)
9. checking loops (0)
10. checking partial_input_delay (0)
11. checking partial_output_delay (0)
12. checking latch_loops (0)

1. checking no_clock (0)
------------------------
 There are 0 register/latch pins with no clock.


2. checking constant_clock (0)
------------------------------
 There are 0 register/latch pins with constant_clock.


3. checking pulse_width_clock (0)
---------------------------------
 There are 0 register/latch pins which need pulse_width check


4. checking unconstrained_internal_endpoints (0)
------------------------------------------------
 There are 0 pins that are not constrained for maximum delay.

 There are 0 pins that are not constrained for maximum delay due to constant clock.


5. checking no_input_delay (0)
------------------------------
 There are 0 input ports with no input delay specified.

 There are 0 input ports with no input delay but user has a false path constraint.


6. checking no_output_delay (0)
-------------------------------
 There are 0 ports with no output delay specified.

 There are 0 ports with no output delay but user has a false path constraint

 There are 0 ports with no output delay but with a timing clock defined on it or propagating through it


7. checking multiple_clock (0)
------------------------------
 There are 0 register/latch pins with multiple clocks.


8. checking generated_clocks (0)
--------------------------------
 There are 0 generated clocks that are not connected to a clock source.


9. checking loops (0)
---------------------
 There are 0 combinational loops in the design.


10. checking partial_input_delay (0)
------------------------------------
 There are 0 input ports with partial input delay specified.


11. checking partial_output_delay (0)
-------------------------------------
 There are 0 ports with partial output delay specified.


12. checking latch_loops (0)
----------------------------
 There are 0 combinational latch loops in the design through latch input



------------------------------------------------------------------------------------------------
| Design Timing Summary
| ---------------------
------------------------------------------------------------------------------------------------

    WNS(ns)      TNS(ns)  TNS Failing Endpoints  TNS Total Endpoints      WHS(ns)      THS(ns)  THS Failing Endpoints  THS Total Endpoints     WPWS(ns)     TPWS(ns)  TPWS Failing Endpoints  TPWS Total Endpoints  
    -------      -------  ---------------------  -------------------      -------      -------  ---------------------  -------------------     --------     --------  ----------------------  --------------------  
        inf        0.000                      0                    2          inf        0.000                      0                    2           NA           NA                      NA                    NA  


There are no user specified timing constraints.


------------------------------------------------------------------------------------------------
| Clock Summary
| -------------
------------------------------------------------------------------------------------------------


------------------------------------------------------------------------------------------------
| Intra Clock Table
| -----------------
------------------------------------------------------------------------------------------------

Clock             WNS(ns)      TNS(ns)  TNS Failing Endpoints  TNS Total Endpoints      WHS(ns)      THS(ns)  THS Failing Endpoints  THS Total Endpoints     WPWS(ns)     TPWS(ns)  TPWS Failing Endpoints  TPWS Total Endpoints  
-----             -------      -------  ---------------------  -------------------      -------      -------  ---------------------  -------------------     --------     --------  ----------------------  --------------------  


------------------------------------------------------------------------------------------------
| Inter Clock Table
| -----------------
------------------------------------------------------------------------------------------------

From Clock    To Clock          WNS(ns)      TNS(ns)  TNS Failing Endpoints  TNS Total Endpoints      WHS(ns)      THS(ns)  THS Failing Endpoints  THS Total Endpoints  
----------    --------          -------      -------  ---------------------  -------------------      -------      -------  ---------------------  -------------------  


------------------------------------------------------------------------------------------------
| Other Path Groups Table
| -----------------------
------------------------------------------------------------------------------------------------

Path Group    From Clock    To Clock          WNS(ns)      TNS(ns)  TNS Failing Endpoints  TNS Total Endpoints      WHS(ns)      THS(ns)  THS Failing Endpoints  THS Total Endpoints  
----------    ----------    --------          -------      -------  ---------------------  -------------------      -------      -------  ---------------------  -------------------  


------------------------------------------------------------------------------------------------
| User Ignored Path Table
| -----------------------
------------------------------------------------------------------------------------------------

Path Group    From Clock    To Clock    
----------    ----------    --------    


------------------------------------------------------------------------------------------------
| Unconstrained Path Table
| ------------------------
------------------------------------------------------------------------------------------------

Path Group    From Clock    To Clock    
----------    ----------    --------    
(none)                                    


------------------------------------------------------------------------------------------------
| Timing Details
| --------------
------------------------------------------------------------------------------------------------


--------------------------------------------------------------------------------------
Path Group:  (none)
From Clock:  
  To Clock:  

Max Delay             2 Endpoints
Min Delay             2 Endpoints
--------------------------------------------------------------------------------------


Max Delay Paths
--------------------------------------------------------------------------------------
Slack:                    inf
  Source:                 s[3]
                            (input port)
  Destination:            y[0]
                            (output port)
  Path Group:             (none)
  Path Type:              Max at Slow Process Corner
  Data Path Delay:        9.247ns  (logic 5.318ns (57.508%)  route 3.929ns (42.492%))
  Logic Levels:           3  (IBUF=1 LUT3=1 OBUF=1)

    Location             Delay type                Incr(ns)  Path(ns)    Netlist Resource(s)
  -------------------------------------------------------------------    -------------------
    R15                                               0.000     0.000 f  s[3] (IN)
                         net (fo=0)                   0.000     0.000    s[3]
    R15                  IBUF (Prop_ibuf_I_O)         1.477     1.477 f  s_IBUF[3]_inst/O
                         net (fo=2, routed)           1.599     3.076    s_IBUF[3]
    SLICE_X0Y93          LUT3 (Prop_lut3_I2_O)        0.118     3.194 r  y_OBUF[0]_inst_i_1/O
                         net (fo=1, routed)           2.330     5.524    y_OBUF[0]
    H17                  OBUF (Prop_obuf_I_O)         3.722     9.247 r  y_OBUF[0]_inst/O
                         net (fo=0)                   0.000     9.247    y[0]
    H17                                                               r  y[0] (OUT)
  -------------------------------------------------------------------    -------------------

Slack:                    inf
  Source:                 s[3]
                            (input port)
  Destination:            y[1]
                            (output port)
  Path Group:             (none)
  Path Type:              Max at Slow Process Corner
  Data Path Delay:        8.645ns  (logic 5.136ns (59.416%)  route 3.508ns (40.584%))
  Logic Levels:           3  (IBUF=1 LUT2=1 OBUF=1)

    Location             Delay type                Incr(ns)  Path(ns)    Netlist Resource(s)
  -------------------------------------------------------------------    -------------------
    R15                                               0.000     0.000 f  s[3] (IN)
                         net (fo=0)                   0.000     0.000    s[3]
    R15                  IBUF (Prop_ibuf_I_O)         1.477     1.477 f  s_IBUF[3]_inst/O
                         net (fo=2, routed)           1.599     3.076    s_IBUF[3]
    SLICE_X0Y93          LUT2 (Prop_lut2_I1_O)        0.124     3.200 r  y_OBUF[1]_inst_i_1/O
                         net (fo=1, routed)           1.910     5.110    y_OBUF[1]
    K15                  OBUF (Prop_obuf_I_O)         3.535     8.645 r  y_OBUF[1]_inst/O
                         net (fo=0)                   0.000     8.645    y[1]
    K15                                                               r  y[1] (OUT)
  -------------------------------------------------------------------    -------------------





Min Delay Paths
--------------------------------------------------------------------------------------
Slack:                    inf
  Source:                 s[2]
                            (input port)
  Destination:            y[1]
                            (output port)
  Path Group:             (none)
  Path Type:              Min at Fast Process Corner
  Data Path Delay:        2.563ns  (logic 1.534ns (59.848%)  route 1.029ns (40.152%))
  Logic Levels:           3  (IBUF=1 LUT2=1 OBUF=1)

    Location             Delay type                Incr(ns)  Path(ns)    Netlist Resource(s)
  -------------------------------------------------------------------    -------------------
    M13                                               0.000     0.000 f  s[2] (IN)
                         net (fo=0)                   0.000     0.000    s[2]
    M13                  IBUF (Prop_ibuf_I_O)         0.253     0.253 f  s_IBUF[2]_inst/O
                         net (fo=2, routed)           0.588     0.840    s_IBUF[2]
    SLICE_X0Y93          LUT2 (Prop_lut2_I0_O)        0.045     0.885 r  y_OBUF[1]_inst_i_1/O
                         net (fo=1, routed)           0.442     1.327    y_OBUF[1]
    K15                  OBUF (Prop_obuf_I_O)         1.236     2.563 r  y_OBUF[1]_inst/O
                         net (fo=0)                   0.000     2.563    y[1]
    K15                                                               r  y[1] (OUT)
  -------------------------------------------------------------------    -------------------

Slack:                    inf
  Source:                 s[1]
                            (input port)
  Destination:            y[0]
                            (output port)
  Path Group:             (none)
  Path Type:              Min at Fast Process Corner
  Data Path Delay:        2.593ns  (logic 1.573ns (60.657%)  route 1.020ns (39.343%))
  Logic Levels:           3  (IBUF=1 LUT3=1 OBUF=1)

    Location             Delay type                Incr(ns)  Path(ns)    Netlist Resource(s)
  -------------------------------------------------------------------    -------------------
    L16                                               0.000     0.000 f  s[1] (IN)
                         net (fo=0)                   0.000     0.000    s[1]
    L16                  IBUF (Prop_ibuf_I_O)         0.247     0.247 f  s_IBUF[1]_inst/O
                         net (fo=1, routed)           0.407     0.654    s_IBUF[1]
    SLICE_X0Y93          LUT3 (Prop_lut3_I0_O)        0.042     0.696 r  y_OBUF[0]_inst_i_1/O
                         net (fo=1, routed)           0.613     1.310    y_OBUF[0]
    H17                  OBUF (Prop_obuf_I_O)         1.283     2.593 r  y_OBUF[0]_inst/O
                         net (fo=0)                   0.000     2.593    y[0]
    H17                                                               r  y[0] (OUT)
  -------------------------------------------------------------------    -------------------





