
*** Running vivado
    with args -log MUX_16_1.vds -m64 -product Vivado -mode batch -messageDb vivado.pb -notrace -source MUX_16_1.tcl


ECHO disattivato.
ECHO disattivato.

****** Vivado v2023.1 (64-bit)
  **** SW Build 3865809 on Sun May  7 15:05:29 MDT 2023
  **** IP Build 3864474 on Sun May  7 20:36:21 MDT 2023
  **** SharedData Build 3865790 on Sun May 07 13:33:03 MDT 2023
    ** Copyright 1986-2022 Xilinx, Inc. All Rights Reserved.
    ** Copyright 2022-2023 Advanced Micro Devices, Inc. All Rights Reserved.

source MUX_16_1.tcl -notrace
create_project: Time (s): cpu = 00:00:09 ; elapsed = 00:00:19 . Memory (MB): peak = 462.984 ; gain = 200.215
Command: read_checkpoint -auto_incremental -incremental C:/Users/corra/Desktop/Elaborato/MUX_16_1/MUX_16_1.srcs/utils_1/imports/synth_1/MUX_16_1.dcp
INFO: [Vivado 12-5825] Read reference checkpoint from C:/Users/corra/Desktop/Elaborato/MUX_16_1/MUX_16_1.srcs/utils_1/imports/synth_1/MUX_16_1.dcp for incremental synthesis
INFO: [Vivado 12-7989] Please ensure there are no constraint changes
Command: synth_design -top MUX_16_1 -part xc7a12ticsg325-1L
Starting synth_design
Attempting to get a license for feature 'Synthesis' and/or device 'xc7a12ti'
INFO: [Common 17-349] Got license for feature 'Synthesis' and/or device 'xc7a12ti'
INFO: [Designutils 20-5440] No compile time benefit to using incremental synthesis; A full resynthesis will be run
INFO: [Designutils 20-4379] Flow is switching to default flow due to incremental criteria not met. If you would like to alter this behaviour and have the flow terminate instead, please set the following parameter config_implementation {autoIncr.Synth.RejectBehavior Terminate}
INFO: [Synth 8-7079] Multithreading enabled for synth_design using a maximum of 2 processes.
INFO: [Synth 8-7078] Launching helper process for spawning children vivado processes
INFO: [Synth 8-7075] Helper process launched with PID 5460
---------------------------------------------------------------------------------
Starting Synthesize : Time (s): cpu = 00:00:03 ; elapsed = 00:00:09 . Memory (MB): peak = 901.863 ; gain = 407.082
---------------------------------------------------------------------------------
INFO: [Synth 8-638] synthesizing module 'MUX_16_1' [C:/Users/corra/Desktop/Elaborato/MUX_16_1/MUX_16_1.srcs/sources_1/new/MUX_16_1.vhd:13]
INFO: [Synth 8-3491] module 'mux_4_1' declared at 'C:/Users/corra/Desktop/Vivado_Projects/2_MUX4_1_structural/2_MUX4_1_structural.srcs/sources_1/new/mux_4_1.vhd:5' bound to instance 'mux0' of component 'mux_4_1' [C:/Users/corra/Desktop/Elaborato/MUX_16_1/MUX_16_1.srcs/sources_1/new/MUX_16_1.vhd:37]
INFO: [Synth 8-638] synthesizing module 'mux_4_1' [C:/Users/corra/Desktop/Vivado_Projects/2_MUX4_1_structural/2_MUX4_1_structural.srcs/sources_1/new/mux_4_1.vhd:22]
INFO: [Synth 8-3491] module 'mux_2_1' declared at 'C:/Users/corra/Desktop/Vivado_Projects/2_MUX4_1_structural/2_MUX4_1_structural.srcs/sources_1/imports/1-multiplexer21_dataflow/mux_2_1.vhd:8' bound to instance 'mux0' of component 'mux_2_1' [C:/Users/corra/Desktop/Vivado_Projects/2_MUX4_1_structural/2_MUX4_1_structural.srcs/sources_1/new/mux_4_1.vhd:36]
INFO: [Synth 8-638] synthesizing module 'mux_2_1' [C:/Users/corra/Desktop/Vivado_Projects/2_MUX4_1_structural/2_MUX4_1_structural.srcs/sources_1/imports/1-multiplexer21_dataflow/mux_2_1.vhd:19]
INFO: [Synth 8-256] done synthesizing module 'mux_2_1' (0#1) [C:/Users/corra/Desktop/Vivado_Projects/2_MUX4_1_structural/2_MUX4_1_structural.srcs/sources_1/imports/1-multiplexer21_dataflow/mux_2_1.vhd:19]
INFO: [Synth 8-3491] module 'mux_2_1' declared at 'C:/Users/corra/Desktop/Vivado_Projects/2_MUX4_1_structural/2_MUX4_1_structural.srcs/sources_1/imports/1-multiplexer21_dataflow/mux_2_1.vhd:8' bound to instance 'mux1' of component 'mux_2_1' [C:/Users/corra/Desktop/Vivado_Projects/2_MUX4_1_structural/2_MUX4_1_structural.srcs/sources_1/new/mux_4_1.vhd:42]
INFO: [Synth 8-3491] module 'mux_2_1' declared at 'C:/Users/corra/Desktop/Vivado_Projects/2_MUX4_1_structural/2_MUX4_1_structural.srcs/sources_1/imports/1-multiplexer21_dataflow/mux_2_1.vhd:8' bound to instance 'mux2' of component 'mux_2_1' [C:/Users/corra/Desktop/Vivado_Projects/2_MUX4_1_structural/2_MUX4_1_structural.srcs/sources_1/new/mux_4_1.vhd:48]
INFO: [Synth 8-256] done synthesizing module 'mux_4_1' (0#1) [C:/Users/corra/Desktop/Vivado_Projects/2_MUX4_1_structural/2_MUX4_1_structural.srcs/sources_1/new/mux_4_1.vhd:22]
INFO: [Synth 8-3491] module 'mux_4_1' declared at 'C:/Users/corra/Desktop/Vivado_Projects/2_MUX4_1_structural/2_MUX4_1_structural.srcs/sources_1/new/mux_4_1.vhd:5' bound to instance 'mux1' of component 'mux_4_1' [C:/Users/corra/Desktop/Elaborato/MUX_16_1/MUX_16_1.srcs/sources_1/new/MUX_16_1.vhd:47]
INFO: [Synth 8-3491] module 'mux_4_1' declared at 'C:/Users/corra/Desktop/Vivado_Projects/2_MUX4_1_structural/2_MUX4_1_structural.srcs/sources_1/new/mux_4_1.vhd:5' bound to instance 'mux2' of component 'mux_4_1' [C:/Users/corra/Desktop/Elaborato/MUX_16_1/MUX_16_1.srcs/sources_1/new/MUX_16_1.vhd:57]
INFO: [Synth 8-3491] module 'mux_4_1' declared at 'C:/Users/corra/Desktop/Vivado_Projects/2_MUX4_1_structural/2_MUX4_1_structural.srcs/sources_1/new/mux_4_1.vhd:5' bound to instance 'mux3' of component 'mux_4_1' [C:/Users/corra/Desktop/Elaborato/MUX_16_1/MUX_16_1.srcs/sources_1/new/MUX_16_1.vhd:67]
INFO: [Synth 8-3491] module 'mux_4_1' declared at 'C:/Users/corra/Desktop/Vivado_Projects/2_MUX4_1_structural/2_MUX4_1_structural.srcs/sources_1/new/mux_4_1.vhd:5' bound to instance 'mux4' of component 'mux_4_1' [C:/Users/corra/Desktop/Elaborato/MUX_16_1/MUX_16_1.srcs/sources_1/new/MUX_16_1.vhd:77]
INFO: [Synth 8-256] done synthesizing module 'MUX_16_1' (0#1) [C:/Users/corra/Desktop/Elaborato/MUX_16_1/MUX_16_1.srcs/sources_1/new/MUX_16_1.vhd:13]
---------------------------------------------------------------------------------
Finished Synthesize : Time (s): cpu = 00:00:04 ; elapsed = 00:00:11 . Memory (MB): peak = 992.629 ; gain = 497.848
---------------------------------------------------------------------------------
---------------------------------------------------------------------------------
Finished Constraint Validation : Time (s): cpu = 00:00:04 ; elapsed = 00:00:12 . Memory (MB): peak = 992.629 ; gain = 497.848
---------------------------------------------------------------------------------
---------------------------------------------------------------------------------
Start Loading Part and Timing Information
---------------------------------------------------------------------------------
Loading part: xc7a12ticsg325-1L
---------------------------------------------------------------------------------
Finished Loading Part and Timing Information : Time (s): cpu = 00:00:04 ; elapsed = 00:00:12 . Memory (MB): peak = 992.629 ; gain = 497.848
---------------------------------------------------------------------------------
INFO: [Device 21-403] Loading part xc7a12ticsg325-1L
---------------------------------------------------------------------------------
Finished RTL Optimization Phase 2 : Time (s): cpu = 00:00:04 ; elapsed = 00:00:12 . Memory (MB): peak = 997.410 ; gain = 502.629
---------------------------------------------------------------------------------
No constraint files found.
---------------------------------------------------------------------------------
Start RTL Component Statistics 
---------------------------------------------------------------------------------
Detailed RTL Component Info : 
---------------------------------------------------------------------------------
Finished RTL Component Statistics 
---------------------------------------------------------------------------------
---------------------------------------------------------------------------------
Start Part Resource Summary
---------------------------------------------------------------------------------
Part Resources:
DSPs: 40 (col length:40)
BRAMs: 40 (col length: RAMB18 40 RAMB36 20)
---------------------------------------------------------------------------------
Finished Part Resource Summary
---------------------------------------------------------------------------------
No constraint files found.
---------------------------------------------------------------------------------
Start Cross Boundary and Area Optimization
---------------------------------------------------------------------------------
WARNING: [Synth 8-7080] Parallel synthesis criteria is not met
---------------------------------------------------------------------------------
Finished Cross Boundary and Area Optimization : Time (s): cpu = 00:00:07 ; elapsed = 00:00:19 . Memory (MB): peak = 1165.672 ; gain = 670.891
---------------------------------------------------------------------------------
No constraint files found.
---------------------------------------------------------------------------------
Start Timing Optimization
---------------------------------------------------------------------------------
---------------------------------------------------------------------------------
Finished Timing Optimization : Time (s): cpu = 00:00:07 ; elapsed = 00:00:19 . Memory (MB): peak = 1166.535 ; gain = 671.754
---------------------------------------------------------------------------------
---------------------------------------------------------------------------------
Start Technology Mapping
---------------------------------------------------------------------------------
---------------------------------------------------------------------------------
Finished Technology Mapping : Time (s): cpu = 00:00:07 ; elapsed = 00:00:19 . Memory (MB): peak = 1166.535 ; gain = 671.754
---------------------------------------------------------------------------------
---------------------------------------------------------------------------------
Start IO Insertion
---------------------------------------------------------------------------------
---------------------------------------------------------------------------------
Start Flattening Before IO Insertion
---------------------------------------------------------------------------------
---------------------------------------------------------------------------------
Finished Flattening Before IO Insertion
---------------------------------------------------------------------------------
---------------------------------------------------------------------------------
Start Final Netlist Cleanup
---------------------------------------------------------------------------------
---------------------------------------------------------------------------------
Finished Final Netlist Cleanup
---------------------------------------------------------------------------------
---------------------------------------------------------------------------------
Finished IO Insertion : Time (s): cpu = 00:00:09 ; elapsed = 00:00:25 . Memory (MB): peak = 1166.547 ; gain = 671.766
---------------------------------------------------------------------------------
---------------------------------------------------------------------------------
Start Renaming Generated Instances
---------------------------------------------------------------------------------
---------------------------------------------------------------------------------
Finished Renaming Generated Instances : Time (s): cpu = 00:00:09 ; elapsed = 00:00:25 . Memory (MB): peak = 1166.547 ; gain = 671.766
---------------------------------------------------------------------------------
---------------------------------------------------------------------------------
Start Rebuilding User Hierarchy
---------------------------------------------------------------------------------
---------------------------------------------------------------------------------
Finished Rebuilding User Hierarchy : Time (s): cpu = 00:00:09 ; elapsed = 00:00:25 . Memory (MB): peak = 1166.547 ; gain = 671.766
---------------------------------------------------------------------------------
---------------------------------------------------------------------------------
Start Renaming Generated Ports
---------------------------------------------------------------------------------
---------------------------------------------------------------------------------
Finished Renaming Generated Ports : Time (s): cpu = 00:00:09 ; elapsed = 00:00:25 . Memory (MB): peak = 1166.547 ; gain = 671.766
---------------------------------------------------------------------------------
---------------------------------------------------------------------------------
Start Handling Custom Attributes
---------------------------------------------------------------------------------
---------------------------------------------------------------------------------
Finished Handling Custom Attributes : Time (s): cpu = 00:00:09 ; elapsed = 00:00:25 . Memory (MB): peak = 1166.547 ; gain = 671.766
---------------------------------------------------------------------------------
---------------------------------------------------------------------------------
Start Renaming Generated Nets
---------------------------------------------------------------------------------
---------------------------------------------------------------------------------
Finished Renaming Generated Nets : Time (s): cpu = 00:00:09 ; elapsed = 00:00:25 . Memory (MB): peak = 1166.547 ; gain = 671.766
---------------------------------------------------------------------------------
---------------------------------------------------------------------------------
Start Writing Synthesis Report
---------------------------------------------------------------------------------

Report BlackBoxes: 
+-+--------------+----------+
| |BlackBox name |Instances |
+-+--------------+----------+
+-+--------------+----------+

Report Cell Usage: 
+------+------+------+
|      |Cell  |Count |
+------+------+------+
|1     |LUT6  |     4|
|2     |MUXF7 |     2|
|3     |MUXF8 |     1|
|4     |IBUF  |    20|
|5     |OBUF  |     1|
+------+------+------+

Report Instance Areas: 
+------+---------+-------+------+
|      |Instance |Module |Cells |
+------+---------+-------+------+
|1     |top      |       |    28|
+------+---------+-------+------+
---------------------------------------------------------------------------------
Finished Writing Synthesis Report : Time (s): cpu = 00:00:09 ; elapsed = 00:00:25 . Memory (MB): peak = 1166.547 ; gain = 671.766
---------------------------------------------------------------------------------
Synthesis finished with 0 errors, 0 critical warnings and 1 warnings.
Synthesis Optimization Runtime : Time (s): cpu = 00:00:09 ; elapsed = 00:00:25 . Memory (MB): peak = 1166.547 ; gain = 671.766
Synthesis Optimization Complete : Time (s): cpu = 00:00:09 ; elapsed = 00:00:25 . Memory (MB): peak = 1166.547 ; gain = 671.766
INFO: [Project 1-571] Translating synthesized netlist
Netlist sorting complete. Time (s): cpu = 00:00:00 ; elapsed = 00:00:00.001 . Memory (MB): peak = 1178.602 ; gain = 0.000
INFO: [Netlist 29-17] Analyzing 3 Unisim elements for replacement
INFO: [Netlist 29-28] Unisim Transformation completed in 0 CPU seconds
INFO: [Project 1-570] Preparing netlist for logic optimization
INFO: [Opt 31-138] Pushed 0 inverter(s) to 0 load pin(s).
Netlist sorting complete. Time (s): cpu = 00:00:00 ; elapsed = 00:00:00 . Memory (MB): peak = 1270.105 ; gain = 0.000
INFO: [Project 1-111] Unisim Transformation Summary:
No Unisim elements were transformed.

Synth Design complete | Checksum: a47d73d1
INFO: [Common 17-83] Releasing license: Synthesis
30 Infos, 1 Warnings, 0 Critical Warnings and 0 Errors encountered.
synth_design completed successfully
synth_design: Time (s): cpu = 00:00:10 ; elapsed = 00:00:27 . Memory (MB): peak = 1270.105 ; gain = 783.277
INFO: [Common 17-1381] The checkpoint 'C:/Users/corra/Desktop/Elaborato/MUX_16_1/MUX_16_1.runs/synth_1/MUX_16_1.dcp' has been generated.
INFO: [runtcl-4] Executing : report_utilization -file MUX_16_1_utilization_synth.rpt -pb MUX_16_1_utilization_synth.pb
INFO: [Common 17-206] Exiting Vivado at Thu Oct 24 18:37:55 2024...
